2024-12-24 11:24:23,024 - INFO - Beginning survey for Tucson, AZ...
2024-12-24 11:24:35,670 - INFO - Found links: ['https://www.apartments.com/villas-las-naranjas-tucson-az/55yqm9p/', 'https://www.apartments.com/sahara-tucson-az/z50xyrz/', 'https://www.apartments.com/villas-las-toronjas-ii-tucson-az/4pvrcvh/', 'https://www.apartments.com/villas-de-la-montana-tucson-az/05w5552/', 'https://www.apartments.com/presidio-palms-apartments-tucson-az/mb1qysk/', 'https://www.apartments.com/villas-del-paraiso-tucson-az/t68x3z9/', 'https://www.apartments.com/hilands-tucson-az/tbr0kz8/', 'https://www.apartments.com/villas-los-duraznos-tucson-az/6502r2v/', 'https://www.apartments.com/peaks-at-redington-tucson-az/pzkqjdv/', 'https://www.apartments.com/ventura-villas-tucson-az/fregpfs/', 'https://www.apartments.com/san-mateo-tucson-az/5k7pxbp/', 'https://www.apartments.com/promontory-tucson-az/fgxwlbs/', 'https://www.apartments.com/cottages-at-tucson-tucson-az/k38b7fb/', 'https://www.apartments.com/envii-tucson-az/e2b8ygq/', 'https://www.apartments.com/college-town-tucson-tucson-az/14gmsj5/', 'https://www.apartments.com/tierra-ridge-tucson-az/tvmd7xc/', 'https://www.apartments.com/villas-las-mandarinas-tucson-az/jcc7qm7/', 'https://www.apartments.com/tanque-verde-apartments-tucson-az/ypm90tr/', 'https://www.apartments.com/el-conquistador-tucson-az/jr4t8d7/', 'https://www.apartments.com/catalina-ridge-tucson-az/wekgrqk/', 'https://www.apartments.com/aventura-apartments-tucson-az/2ylch0b/', 'https://www.apartments.com/university-manor-tucson-az/ebx15tm/', 'https://www.apartments.com/agave-at-twenty-two-tucson-az/y9y68gr/', 'https://www.apartments.com/the-benedictine-tucson-az/dq7gmxk/', 'https://www.apartments.com/huntington-park-apartments-tucson-az/4b47p8l/', 'https://www.apartments.com/alegria-apartment-homes-tucson-az/xflf8fm/', 'https://www.apartments.com/vista-montana-apartments-tucson-az/q364xjz/', 'https://www.apartments.com/emerald-pointe-apartments-tucsons-best-k-tucson-az/yed4h0s/', 'https://www.apartments.com/ten50-apartments-tucson-az/lz27emf/', 'https://www.apartments.com/puesta-del-sol-tucson-az/1dergr6/', 'https://www.apartments.com/las-brisas-apartment-homes-tucson-az/z37dxqz/', 'https://www.apartments.com/saguaro-villas-tucson-az/t3qjg7c/', 'https://www.apartments.com/midtown-on-1st-tucson-az/29myye8/', 'https://www.apartments.com/the-enclave-apartment-homes-tucson-az/77mmsxw/', 'https://www.apartments.com/villa-del-sol-tucson-az/8rqfn13/', 'https://www.apartments.com/element-on-the-loop-tucson-az/pdpxv5s/', 'https://www.apartments.com/the-grove-tucson-az/qd3ndgw/', 'https://www.apartments.com/the-edison-apartments-tucson-az/5bk6ddp/', 'https://www.apartments.com/palm-garden-apartments-tucson-az/2gxtks9/', 'https://www.apartments.com/del-rey-apartments-tucson-az/qqvhpfy/']...
2024-12-24 11:24:37,322 - INFO - Gathering data for Villas Las Naranjas...
2024-12-24 11:24:39,049 - INFO - Gathering data for Sahara...
2024-12-24 11:24:41,081 - INFO - Gathering data for Villas Las Toronjas II...
2024-12-24 11:24:42,923 - INFO - Gathering data for Villas de la Montana...
2024-12-24 11:24:44,830 - INFO - Gathering data for Presidio Palms Apartments...
2024-12-24 11:24:46,742 - INFO - Gathering data for Villas del Paraiso...
2024-12-24 11:24:49,075 - INFO - Gathering data for Hilands...
2024-12-24 11:24:52,890 - INFO - Gathering data for Villas Los Duraznos...
2024-12-24 11:24:54,449 - INFO - Gathering data for Peaks at Redington...
2024-12-24 11:24:58,101 - INFO - Gathering data for Ventura Villas...
2024-12-24 11:24:58,454 - INFO - Market Survey complete for Tucson, AZ. Survey 100.0% complete
2024-12-24 11:25:00,792 - INFO - Data saved to Examples\Tucson.csv
2024-12-26 14:58:59,391 - INFO - Beginning survey for Boston...
2024-12-26 14:58:59,392 - INFO - Beginning survey for Brighton...
2024-12-26 14:58:59,398 - INFO - Beginning survey for Allston...
2024-12-26 15:00:32,983 - INFO - Beginning survey for Boston...
2024-12-26 15:00:33,016 - INFO - Beginning survey for Brighton...
2024-12-26 15:00:33,130 - INFO - Beginning survey for Allston...
2024-12-26 15:02:11,409 - INFO - Beginning survey for Brookline...
2024-12-26 15:03:33,600 - INFO - Data saved to Examples\LaurenApartmentSearch.csv
2024-12-26 15:21:04,259 - INFO - Beginning survey for Brighton...
2024-12-26 15:24:36,472 - INFO - Beginning survey for Brighton...
2024-12-26 15:29:07,131 - INFO - Beginning survey for Brighton...
2024-12-26 15:30:52,141 - INFO - Beginning survey for Brighton...
2024-12-26 15:31:02,844 - INFO - button
2024-12-26 15:32:35,964 - INFO - Beginning survey for Brighton...
2024-12-26 15:32:47,082 - INFO - 2
2024-12-26 15:38:54,112 - INFO - Beginning survey for Brighton...
2024-12-26 15:39:10,112 - INFO - Found links: ['https://www.apartments.com/chr-cambridge-harvard-square-communities-cambridge-ma/whxg71k/', 'https://www.apartments.com/chr-brighton-apartments-brighton-ma/jbtpbv7/', 'https://www.apartments.com/barclay-on-beacon-brookline-ma/72tjkxw/', 'https://www.apartments.com/elan-union-market-watertown-ma/p16qpwt/', 'https://www.apartments.com/washington-heights-brighton-ma/mwzd4tl/', 'https://www.apartments.com/regency-building-brighton-ma/fb1e03v/', 'https://www.apartments.com/chiswick-building-brighton-ma/psq8jbv/', 'https://www.apartments.com/mbh-apartments-chestnut-hill-ma/ce44fzf/', 'https://www.apartments.com/hamilton-union-allston-ma/t1b2j68/', 'https://www.apartments.com/commonwealth-gardens-allston-ma/4zjw7yk/', 'https://www.apartments.com/27-saint-lukes-rd-allston-ma/62e29gt/', 'https://www.apartments.com/35-orkney-rd-boston-ma/811kn01/', 'https://www.apartments.com/67-chiswick-rd-brighton-ma-unit-7/lh6vrrd/', 'https://www.apartments.com/1687-commonwealth-ave-boston-ma-unit-1/e4w0v2q/', 'https://www.apartments.com/147-kelton-st-boston-ma-unit-507/l7crmhg/', 'https://www.apartments.com/61-parsons-st-boston-ma-unit-2/5wrrnjp/', 'https://www.apartments.com/26-allston-st-boston-ma-unit-5/e4hsv6p/', 'https://www.apartments.com/51-reservoir-st-cambridge-ma/p9778bv/', 'https://www.apartments.com/1412-commonwealth-ave-boston-ma-unit-16/045ed83/', 'https://www.apartments.com/53-ashford-st-boston-ma-unit-3/6tqfe1r/', 'https://www.apartments.com/10-selkirk-rd-boston-ma-unit-4/n6kednp/', 'https://www.apartments.com/1189-commonwealth-ave-boston-ma-unit-8/fhclkgv/', 'https://www.apartments.com/524-cambridge-st-boston-ma-unit-1/5qfbewp/', 'https://www.apartments.com/11-higgins-st-boston-ma-unit-3/e0k1vxn/', 'https://www.apartments.com/18-quint-ave-boston-ma-unit-2/dhsx54j/', 'https://www.apartments.com/503-franklin-st-cambridge-ma-unit-2/hpwq402/', 'https://www.apartments.com/4-elko-st-boston-ma-unit-fl1-id182/r6bj6n2/', 'https://www.apartments.com/47-englewood-ave-boston-ma-unit-6/fr84per/', 'https://www.apartments.com/111-kilsyth-rd-boston-ma-unit-9/jvrzl07/', 'https://www.apartments.com/111-kilsyth-rd-boston-ma-unit-2/dxmmr7j/', 'https://www.apartments.com/47-englewood-ave-boston-ma-unit-6/2xlhnb9/', 'https://www.apartments.com/1200-commonwealth-ave-boston-ma-unit-12/rdl8s10/', 'https://www.apartments.com/1193-commonwealth-ave-boston-ma-unit-8/vcjrjnd/', 'https://www.apartments.com/1634-commonwealth-ave-boston-ma-unit-4/nqtm6hq/', 'https://www.apartments.com/1185-commonwealth-ave-boston-ma-unit-5/89bzmr0/', 'https://www.apartments.com/67-chiswick-rd-boston-ma-unit-4/97mfe37/', 'https://www.apartments.com/106-evans-rd-brookline-ma-unit-6/g4lj73x/', 'https://www.apartments.com/240-kelton-st-boston-ma-unit-7/2xefvn8/', 'https://www.apartments.com/248-kelton-st-boston-ma-unit-4/rqe8bh3/', 'https://www.apartments.com/1193-commonwealth-ave-boston-ma-unit-15/hzvr4v2/']...
2024-12-26 15:39:12,355 - INFO - Gathering data for CHR Cambridge - Harvard Square Communities...
2024-12-26 15:40:42,869 - INFO - Beginning survey for Brighton, MA...
2024-12-26 15:40:42,954 - INFO - Beginning survey for Allston, MA...
2024-12-26 15:40:42,960 - INFO - Beginning survey for Brookline, MA...
